d3689d0238d3bfa652ccb51938479558  data/Sample_10/Sample_10-SCI7T016-SCI5T016_22FVLJLT4_S10_L001_I1_001.fastq.gz
dcd098350e8a284c9b8e734d58ff48b3  data/Sample_10/Sample_10-SCI7T016-SCI5T016_22FVLJLT4_S10_L001_I2_001.fastq.gz
dc0b00e97650473daf13fe1c5571d7be  data/Sample_10/Sample_10-SCI7T016-SCI5T016_22FVLJLT4_S10_L001_R1_001.fastq.gz
4de98bec9fc16e88dcf5197780f2ba93  data/Sample_10/Sample_10-SCI7T016-SCI5T016_22FVLJLT4_S10_L001_R2_001.fastq.gz
e73d71e13c8a35ed57f0a5635a07d627  data/Sample_10/Sample_10-SCI7T016-SCI5T016_22FYLKLT4_S26_L005_I1_001.fastq.gz
f691ad201f0ab2f2f237ec7ecd6c00d5  data/Sample_10/Sample_10-SCI7T016-SCI5T016_22FYLKLT4_S26_L005_I2_001.fastq.gz
cbb64b36846237effba8aa12946fa9b4  data/Sample_10/Sample_10-SCI7T016-SCI5T016_22FYLKLT4_S26_L005_R1_001.fastq.gz
074b7a7dee2a60fe11a3efc4bed67c5a  data/Sample_10/Sample_10-SCI7T016-SCI5T016_22FYLKLT4_S26_L005_R2_001.fastq.gz
7e2b63221db315f3d96205a54baa0ef5  data/Sample_11/Sample_11-SCI7T028-SCI5T028_22FVLJLT4_S11_L001_I1_001.fastq.gz
b32ba2091502c4dc7169e7db53ac74a7  data/Sample_11/Sample_11-SCI7T028-SCI5T028_22FVLJLT4_S11_L001_I2_001.fastq.gz
0df4db49547ab5323caec534dc4039c4  data/Sample_11/Sample_11-SCI7T028-SCI5T028_22FVLJLT4_S11_L001_R1_001.fastq.gz
51111dc858520fd82e0f1bdf5bb2293f  data/Sample_11/Sample_11-SCI7T028-SCI5T028_22FVLJLT4_S11_L001_R2_001.fastq.gz
c7344bf691b56d5ae6fdf5d050575b5f  data/Sample_11/Sample_11-SCI7T028-SCI5T028_22FYLKLT4_S27_L005_I1_001.fastq.gz
501c907259dc1b275c7bb6aa261d5aaf  data/Sample_11/Sample_11-SCI7T028-SCI5T028_22FYLKLT4_S27_L005_I2_001.fastq.gz
9a7f6cac53bc70c26b4424c6861ced7e  data/Sample_11/Sample_11-SCI7T028-SCI5T028_22FYLKLT4_S27_L005_R1_001.fastq.gz
3bde28f18a7018a548a489a143e583bc  data/Sample_11/Sample_11-SCI7T028-SCI5T028_22FYLKLT4_S27_L005_R2_001.fastq.gz
0a1358079ef5aa94d6a70bc75c9449d1  data/Sample_11/Sample_11-SCI7T028-SCI5T028_22G25CLT4_S3_L003_I1_001.fastq.gz
e16029169dd8791966dc8bb356278e08  data/Sample_11/Sample_11-SCI7T028-SCI5T028_22G25CLT4_S3_L003_I2_001.fastq.gz
9579c025fbb5e2948a31aef8208c818f  data/Sample_11/Sample_11-SCI7T028-SCI5T028_22G25CLT4_S3_L003_R1_001.fastq.gz
7b29e623241e7a7a082ba563189fc387  data/Sample_11/Sample_11-SCI7T028-SCI5T028_22G25CLT4_S3_L003_R2_001.fastq.gz
425c6001339aa8afdfd030342059c8c3  data/Sample_12/Sample_12-SCI7T040-SCI5T040_22FVLJLT4_S12_L001_I1_001.fastq.gz
0cc91d692daa2f8e049b8370d14fe49d  data/Sample_12/Sample_12-SCI7T040-SCI5T040_22FVLJLT4_S12_L001_I2_001.fastq.gz
378e2214ed47ad67f732a0a5b7160f30  data/Sample_12/Sample_12-SCI7T040-SCI5T040_22FVLJLT4_S12_L001_R1_001.fastq.gz
0fde4ad98aa9db172c1574a46cb94a5f  data/Sample_12/Sample_12-SCI7T040-SCI5T040_22FVLJLT4_S12_L001_R2_001.fastq.gz
2c8a142df26b2051c5389d4c1f9a9b6e  data/Sample_12/Sample_12-SCI7T040-SCI5T040_22FYLKLT4_S28_L005_I1_001.fastq.gz
4a117ad93ee6de226abd8591b9b81c85  data/Sample_12/Sample_12-SCI7T040-SCI5T040_22FYLKLT4_S28_L005_I2_001.fastq.gz
f0784fdef158806089bd59eef1e50dc2  data/Sample_12/Sample_12-SCI7T040-SCI5T040_22FYLKLT4_S28_L005_R1_001.fastq.gz
17832c96ba9969ca5b4c458057785b79  data/Sample_12/Sample_12-SCI7T040-SCI5T040_22FYLKLT4_S28_L005_R2_001.fastq.gz
5a282c1c27902d99fdc76367e8243fd4  data/Sample_13/Sample_13-SCI7T052-SCI5T052_22FVLJLT4_S13_L001_I1_001.fastq.gz
af1f675a278d9f75dd8bee4cec701707  data/Sample_13/Sample_13-SCI7T052-SCI5T052_22FVLJLT4_S13_L001_I2_001.fastq.gz
8cb534386fbf40709b337632cc667531  data/Sample_13/Sample_13-SCI7T052-SCI5T052_22FVLJLT4_S13_L001_R1_001.fastq.gz
4626d32135982d8841b741d80fb62bf3  data/Sample_13/Sample_13-SCI7T052-SCI5T052_22FVLJLT4_S13_L001_R2_001.fastq.gz
e753e3e7d922eb5df45d7e96fea8208d  data/Sample_13/Sample_13-SCI7T052-SCI5T052_22FYLKLT4_S29_L005_I1_001.fastq.gz
91d995dbe7c07981a1d051a7199f5af2  data/Sample_13/Sample_13-SCI7T052-SCI5T052_22FYLKLT4_S29_L005_I2_001.fastq.gz
1006130310ae4259346c05ba7b233856  data/Sample_13/Sample_13-SCI7T052-SCI5T052_22FYLKLT4_S29_L005_R1_001.fastq.gz
32fc043821bc63488d8c77a4064bda2a  data/Sample_13/Sample_13-SCI7T052-SCI5T052_22FYLKLT4_S29_L005_R2_001.fastq.gz
a66a7fa88e5f9353bac0bca7e9c35647  data/Sample_13/Sample_13-SCI7T052-SCI5T052_22G25CLT4_S4_L003_I1_001.fastq.gz
0631dba37f5cdf54df477279e464f6a2  data/Sample_13/Sample_13-SCI7T052-SCI5T052_22G25CLT4_S4_L003_I2_001.fastq.gz
baec74f0d5380db8d0b7a72df6c32c10  data/Sample_13/Sample_13-SCI7T052-SCI5T052_22G25CLT4_S4_L003_R1_001.fastq.gz
6beff9c0bb7291a0b065024937751a58  data/Sample_13/Sample_13-SCI7T052-SCI5T052_22G25CLT4_S4_L003_R2_001.fastq.gz
576a4f5d5ad2b026132f64b39fed91b4  data/Sample_14/Sample_14-SCI7T064-SCI5T064_22FVLJLT4_S14_L001_I1_001.fastq.gz
50d228a3a8565cf9e4a9c2ec78887747  data/Sample_14/Sample_14-SCI7T064-SCI5T064_22FVLJLT4_S14_L001_I2_001.fastq.gz
f704e0dd861789e80c541de5c466776b  data/Sample_14/Sample_14-SCI7T064-SCI5T064_22FVLJLT4_S14_L001_R1_001.fastq.gz
3fd44cb48f0f8cdc4786e4ea2b76f3df  data/Sample_14/Sample_14-SCI7T064-SCI5T064_22FVLJLT4_S14_L001_R2_001.fastq.gz
266d635663d257bb2fd7a12206fb6b66  data/Sample_15/Sample_15-SCI7T076-SCI5T076_22FVLJLT4_S15_L001_I1_001.fastq.gz
12a6ce7fa7a74c06e232bc99e57ba9f9  data/Sample_15/Sample_15-SCI7T076-SCI5T076_22FVLJLT4_S15_L001_I2_001.fastq.gz
cb581d76bcf279f90a0d55dcd90fbd3b  data/Sample_15/Sample_15-SCI7T076-SCI5T076_22FVLJLT4_S15_L001_R1_001.fastq.gz
f4df86a2656875cf57935f2bf302faa6  data/Sample_15/Sample_15-SCI7T076-SCI5T076_22FVLJLT4_S15_L001_R2_001.fastq.gz
e7a4fbd69de31213281c7beff9b38f47  data/Sample_15/Sample_15-SCI7T076-SCI5T076_22FYLKLT4_S30_L005_I1_001.fastq.gz
ad7b6f8860e0ef5e0e2c443baf00ba0d  data/Sample_15/Sample_15-SCI7T076-SCI5T076_22FYLKLT4_S30_L005_I2_001.fastq.gz
6a4eca5650027782222537659140a839  data/Sample_15/Sample_15-SCI7T076-SCI5T076_22FYLKLT4_S30_L005_R1_001.fastq.gz
c3a9bf96410bfe711ada240829e36654  data/Sample_15/Sample_15-SCI7T076-SCI5T076_22FYLKLT4_S30_L005_R2_001.fastq.gz
a3cc13472c47f02c8b89091975723082  data/Sample_16/Sample_16-SCI7T088-SCI5T088_22FVLJLT4_S16_L001_I1_001.fastq.gz
5e1c29a3f657f6beac73629ebad6acb4  data/Sample_16/Sample_16-SCI7T088-SCI5T088_22FVLJLT4_S16_L001_I2_001.fastq.gz
b22933596da24e6fde736618ab3e97e5  data/Sample_16/Sample_16-SCI7T088-SCI5T088_22FVLJLT4_S16_L001_R1_001.fastq.gz
2aeee726015ec1d4e910342ad505611e  data/Sample_16/Sample_16-SCI7T088-SCI5T088_22FVLJLT4_S16_L001_R2_001.fastq.gz
97bde0c845d458e0669f4c202700e5c1  data/Sample_16/Sample_16-SCI7T088-SCI5T088_22FYLKLT4_S33_L008_I1_001.fastq.gz
9a57546976d19b0ee260483ce2f58901  data/Sample_16/Sample_16-SCI7T088-SCI5T088_22FYLKLT4_S33_L008_I2_001.fastq.gz
8ab0ab6e7f6fae3d869abe7b45e02cdf  data/Sample_16/Sample_16-SCI7T088-SCI5T088_22FYLKLT4_S33_L008_R1_001.fastq.gz
007a5e5fc3af726faa48369db1bc9f8a  data/Sample_16/Sample_16-SCI7T088-SCI5T088_22FYLKLT4_S33_L008_R2_001.fastq.gz
261fd1edc1aa76b5191fd8a8bb2cf407  data/Sample_16/Sample_16-SCI7T088-SCI5T088_22G25CLT4_S5_L003_I1_001.fastq.gz
55f49466c538dfef8bed91cff309a115  data/Sample_16/Sample_16-SCI7T088-SCI5T088_22G25CLT4_S5_L003_I2_001.fastq.gz
233f8049383e1cd23024e3b3665de3af  data/Sample_16/Sample_16-SCI7T088-SCI5T088_22G25CLT4_S5_L003_R1_001.fastq.gz
009cd235c98370dfcf6a21fcb02a37e2  data/Sample_16/Sample_16-SCI7T088-SCI5T088_22G25CLT4_S5_L003_R2_001.fastq.gz
8da1feca710bb06837390c24629f7a42  data/Sample_1/Sample_1-SCI7T003-SCI5T003_22FVLJLT4_S1_L001_I1_001.fastq.gz
4cf71178e6ec1f88cb500ed9c7e958ab  data/Sample_1/Sample_1-SCI7T003-SCI5T003_22FVLJLT4_S1_L001_I2_001.fastq.gz
49bdd44e5f1acb5c9f4c92523b7f5acf  data/Sample_1/Sample_1-SCI7T003-SCI5T003_22FVLJLT4_S1_L001_R1_001.fastq.gz
9d9a24c6ca44e833ca41d6e7ebb1d08f  data/Sample_1/Sample_1-SCI7T003-SCI5T003_22FVLJLT4_S1_L001_R2_001.fastq.gz
080a3a03f7ab0f0ec15811fd0c0c2786  data/Sample_1/Sample_1-SCI7T003-SCI5T003_22FYLKLT4_S24_L005_I1_001.fastq.gz
3ca8a67ca2ee7cb8dcb5dfe3d9b30476  data/Sample_1/Sample_1-SCI7T003-SCI5T003_22FYLKLT4_S24_L005_I2_001.fastq.gz
766564381532c42752bd92e1f64e3359  data/Sample_1/Sample_1-SCI7T003-SCI5T003_22FYLKLT4_S24_L005_R1_001.fastq.gz
12c03e340dae294712721869c30974cd  data/Sample_1/Sample_1-SCI7T003-SCI5T003_22FYLKLT4_S24_L005_R2_001.fastq.gz
461f763f1fc9ae6b86a792a5369f45a4  data/Sample_1/Sample_1-SCI7T003-SCI5T003_22G25CLT4_S1_L003_I1_001.fastq.gz
98a95c52a52ec2e16103bab77fa09cd1  data/Sample_1/Sample_1-SCI7T003-SCI5T003_22G25CLT4_S1_L003_I2_001.fastq.gz
215a64a53540aedb8d4530dcd9a6735c  data/Sample_1/Sample_1-SCI7T003-SCI5T003_22G25CLT4_S1_L003_R1_001.fastq.gz
9f3bb686c1adb41bd2f1e7879ac041ae  data/Sample_1/Sample_1-SCI7T003-SCI5T003_22G25CLT4_S1_L003_R2_001.fastq.gz
4680b5ff30acc15581fc6bdc8daa8b1f  data/Sample_2/Sample_2-SCI7T015-SCI5T015_22FVLJLT4_S2_L001_I1_001.fastq.gz
ea137d64574e3502401a4f9ef6afa005  data/Sample_2/Sample_2-SCI7T015-SCI5T015_22FVLJLT4_S2_L001_I2_001.fastq.gz
b9344a4f15aeb4de54577c53e2aa6569  data/Sample_2/Sample_2-SCI7T015-SCI5T015_22FVLJLT4_S2_L001_R1_001.fastq.gz
73f965516c778c6eca306f3bd5815764  data/Sample_2/Sample_2-SCI7T015-SCI5T015_22FVLJLT4_S2_L001_R2_001.fastq.gz
57dab31e143f3b5e320988a8198abf46  data/Sample_3/Sample_3-SCI7T027-SCI5T027_22FVLJLT4_S3_L001_I1_001.fastq.gz
97269a2c1c6afc0375fda58fcd3acbc0  data/Sample_3/Sample_3-SCI7T027-SCI5T027_22FVLJLT4_S3_L001_I2_001.fastq.gz
a6578c4a7c150099a770af42ce0f09cb  data/Sample_3/Sample_3-SCI7T027-SCI5T027_22FVLJLT4_S3_L001_R1_001.fastq.gz
1736b6b446667337d14d309e2e2b8542  data/Sample_3/Sample_3-SCI7T027-SCI5T027_22FVLJLT4_S3_L001_R2_001.fastq.gz
9228a8d8b776e7f51f781f5b806bdd13  data/Sample_4/Sample_4-SCI7T039-SCI5T039_22FVLJLT4_S4_L001_I1_001.fastq.gz
988a7150d4124781da0c6931ec19cb03  data/Sample_4/Sample_4-SCI7T039-SCI5T039_22FVLJLT4_S4_L001_I2_001.fastq.gz
6f2be0577949596cc3f99d2e60d2b1eb  data/Sample_4/Sample_4-SCI7T039-SCI5T039_22FVLJLT4_S4_L001_R1_001.fastq.gz
35f37861ee1dc5d1347efb2d6629322d  data/Sample_4/Sample_4-SCI7T039-SCI5T039_22FVLJLT4_S4_L001_R2_001.fastq.gz
d63f10faba599dce8b3b43d07048e72f  data/Sample_5/Sample_5-SCI7T051-SCI5T051_22FVLJLT4_S5_L001_I1_001.fastq.gz
b1ea788243b50429b27cd912cfe8ca9e  data/Sample_5/Sample_5-SCI7T051-SCI5T051_22FVLJLT4_S5_L001_I2_001.fastq.gz
99c10d85f4cb448e478e662a8c9659b5  data/Sample_5/Sample_5-SCI7T051-SCI5T051_22FVLJLT4_S5_L001_R1_001.fastq.gz
351eaa269eba8fdde5e014efb47c8660  data/Sample_5/Sample_5-SCI7T051-SCI5T051_22FVLJLT4_S5_L001_R2_001.fastq.gz
98932a4db461cacf9fb4c4f94a9f3d21  data/Sample_5/Sample_5-SCI7T051-SCI5T051_22FYLKLT4_S25_L005_I1_001.fastq.gz
f184292ce5b462a08bc241d425146810  data/Sample_5/Sample_5-SCI7T051-SCI5T051_22FYLKLT4_S25_L005_I2_001.fastq.gz
838be8b5a459d027c4fd50d7102ee93a  data/Sample_5/Sample_5-SCI7T051-SCI5T051_22FYLKLT4_S25_L005_R1_001.fastq.gz
92152f3d29a6224dad28d97e89f6cfd3  data/Sample_5/Sample_5-SCI7T051-SCI5T051_22FYLKLT4_S25_L005_R2_001.fastq.gz
974d311acb107899f73cdba1d87761bc  data/Sample_5/Sample_5-SCI7T051-SCI5T051_22G25CLT4_S2_L003_I1_001.fastq.gz
3698e3c7afeabab187fcb01503d278a5  data/Sample_5/Sample_5-SCI7T051-SCI5T051_22G25CLT4_S2_L003_I2_001.fastq.gz
b586d006f473945c24be6d3a73a49427  data/Sample_5/Sample_5-SCI7T051-SCI5T051_22G25CLT4_S2_L003_R1_001.fastq.gz
0c8a571e9fddeb1f41933ca7717a0e21  data/Sample_5/Sample_5-SCI7T051-SCI5T051_22G25CLT4_S2_L003_R2_001.fastq.gz
3f0c4b5f9f54aed42d270b86a8c3517d  data/Sample_6/Sample_6-SCI7T063-SCI5T063_22FVLJLT4_S6_L001_I1_001.fastq.gz
758994bcf45a473bca7d52fe8053acd7  data/Sample_6/Sample_6-SCI7T063-SCI5T063_22FVLJLT4_S6_L001_I2_001.fastq.gz
02887e254d7a3add7135ebfb0378d6e7  data/Sample_6/Sample_6-SCI7T063-SCI5T063_22FVLJLT4_S6_L001_R1_001.fastq.gz
c340c199cd8150725ca8952a71f9406a  data/Sample_6/Sample_6-SCI7T063-SCI5T063_22FVLJLT4_S6_L001_R2_001.fastq.gz
c28d704d779afd60e3fb0a56e8c3fbe0  data/Sample_7/Sample_7-SCI7T075-SCI5T075_22FVLJLT4_S7_L001_I1_001.fastq.gz
ee0b0dc99cf68cea6098592d7b40aabe  data/Sample_7/Sample_7-SCI7T075-SCI5T075_22FVLJLT4_S7_L001_I2_001.fastq.gz
38a94d55de4b1d9ac131203a6d5e236b  data/Sample_7/Sample_7-SCI7T075-SCI5T075_22FVLJLT4_S7_L001_R1_001.fastq.gz
e74fbf7af7867f38d6a823e0c786b949  data/Sample_7/Sample_7-SCI7T075-SCI5T075_22FVLJLT4_S7_L001_R2_001.fastq.gz
c84e37ec05c175ad6ff32807af5c277a  data/Sample_8/Sample_8-SCI7T087-SCI5T087_22FVLJLT4_S8_L001_I1_001.fastq.gz
852e8fcbcf50a5f8efab38b5fa70e7a2  data/Sample_8/Sample_8-SCI7T087-SCI5T087_22FVLJLT4_S8_L001_I2_001.fastq.gz
